<?xml version="1.0" encoding="UTF-8"?>
<testng-results ignored="0" total="1" passed="1" failed="0" skipped="0">
  <reporter-output>
  </reporter-output>
  <suite started-at="2024-10-22T16:34:56 IST" name="Surefire suite" finished-at="2024-10-22T16:35:06 IST" duration-ms="9847">
    <groups>
    </groups>
    <test started-at="2024-10-22T16:34:56 IST" name="Surefire test" finished-at="2024-10-22T16:35:06 IST" duration-ms="9847">
      <class name="tests.EndToEndTest">
        <test-method is-config="true" signature="loginApp()[pri:0, instance:tests.EndToEndTest@1a38c59b]" started-at="2024-10-22T16:34:56 IST" name="loginApp" finished-at="2024-10-22T16:35:02 IST" duration-ms="6189" status="PASS">
          <reporter-output>
          </reporter-output>
        </test-method> <!-- loginApp -->
        <test-method signature="test()[pri:0, instance:tests.EndToEndTest@1a38c59b]" started-at="2024-10-22T16:35:02 IST" name="test" finished-at="2024-10-22T16:35:06 IST" duration-ms="3479" status="PASS">
          <reporter-output>
          </reporter-output>
        </test-method> <!-- test -->
        <test-method is-config="true" signature="tearDown()[pri:0, instance:tests.EndToEndTest@1a38c59b]" started-at="2024-10-22T16:35:06 IST" name="tearDown" finished-at="2024-10-22T16:35:06 IST" duration-ms="151" status="PASS">
          <reporter-output>
          </reporter-output>
        </test-method> <!-- tearDown -->
      </class> <!-- tests.EndToEndTest -->
    </test> <!-- Surefire test -->
  </suite> <!-- Surefire suite -->
</testng-results>
