<?xml version="1.0" encoding="UTF-8"?>
<testng-results ignored="0" total="1" passed="1" failed="0" skipped="0">
  <reporter-output>
  </reporter-output>
  <suite started-at="2024-10-22T16:37:44 IST" name="Default suite" finished-at="2024-10-22T16:38:07 IST" duration-ms="23283">
    <groups>
    </groups>
    <test started-at="2024-10-22T16:37:44 IST" name="Default test" finished-at="2024-10-22T16:38:07 IST" duration-ms="23283">
      <class name="tests.EndToEndTest">
        <test-method is-config="true" signature="loginApp()[pri:0, instance:tests.EndToEndTest@e350b40]" started-at="2024-10-22T16:37:44 IST" name="loginApp" finished-at="2024-10-22T16:37:58 IST" duration-ms="14294" status="PASS">
          <reporter-output>
          </reporter-output>
        </test-method> <!-- loginApp -->
        <test-method signature="test()[pri:0, instance:tests.EndToEndTest@e350b40]" started-at="2024-10-22T16:37:58 IST" name="test" finished-at="2024-10-22T16:38:06 IST" duration-ms="7705" status="PASS">
          <reporter-output>
          </reporter-output>
        </test-method> <!-- test -->
        <test-method is-config="true" signature="tearDown()[pri:0, instance:tests.EndToEndTest@e350b40]" started-at="2024-10-22T16:38:06 IST" name="tearDown" finished-at="2024-10-22T16:38:07 IST" duration-ms="1228" status="PASS">
          <reporter-output>
          </reporter-output>
        </test-method> <!-- tearDown -->
      </class> <!-- tests.EndToEndTest -->
    </test> <!-- Default test -->
  </suite> <!-- Default suite -->
</testng-results>
